*——*——*——*——*——*——Begin——*——*——*——*——*——*
记录时间：2018-10-31 13:34:10,048
线程ID：7
日志等级：ERROR
日志类型：DanaZhangCms.Core.Filters.GlobalExceptionFilter
Error
*——*——*——*——*——*——End——*——*——*——*——*——*
System.InvalidOperationException: Error generated for warning 'Microsoft.EntityFrameworkCore.Infrastructure.DetachedLazyLoadingWarning: An attempt was made to lazy-load navigation property 'Category' on detached entity of type 'ProductProxy'. Lazy-loading is not supported for detached entities or entities that are loaded with 'AsNoTracking()'.'. This exception can be suppressed or logged by passing event ID 'CoreEventId.DetachedLazyLoadingWarning' to the 'ConfigureWarnings' method in 'DbContext.OnConfiguring' or 'AddDbContext'.
   at Microsoft.EntityFrameworkCore.Diagnostics.EventDefinition`2.Log[TLoggerCategory](IDiagnosticsLogger`1 logger, WarningBehavior warningBehavior, TParam1 arg1, TParam2 arg2, Exception exception)
   at Microsoft.EntityFrameworkCore.Internal.CoreLoggerExtensions.DetachedLazyLoadingWarning(IDiagnosticsLogger`1 diagnostics, DbContext context, Object entityType, String navigationName)
   at Microsoft.EntityFrameworkCore.Internal.LazyLoader.ShouldLoad(Object entity, String navigationName, NavigationEntry& navigationEntry)
   at Microsoft.EntityFrameworkCore.Internal.LazyLoader.Load(Object entity, String navigationName)
   at Microsoft.EntityFrameworkCore.Proxies.Internal.LazyLoadingInterceptor.Intercept(IInvocation invocation)
   at Castle.DynamicProxy.AbstractInvocation.Proceed()
   at Castle.Proxies.ProductProxy.get_Category()
   at DanaZhangCms.Controllers.ProductController.Detail(Int32 id) in D:\GitHub\DanaZhangCms\src\DanaZhangCms.Controllers\ProductController.cs:line 45
   at Microsoft.AspNetCore.Mvc.Internal.ActionMethodExecutor.TaskOfIActionResultExecutor.Execute(IActionResultTypeMapper mapper, ObjectMethodExecutor executor, Object controller, Object[] arguments)
   at System.Threading.Tasks.ValueTask`1.get_Result()
   at Microsoft.AspNetCore.Mvc.Internal.ControllerActionInvoker.InvokeActionMethodAsync()
   at Microsoft.AspNetCore.Mvc.Internal.ControllerActionInvoker.InvokeNextActionFilterAsync()
   at Microsoft.AspNetCore.Mvc.Internal.ControllerActionInvoker.Rethrow(ActionExecutedContext context)
   at Microsoft.AspNetCore.Mvc.Internal.ControllerActionInvoker.Next(State& next, Scope& scope, Object& state, Boolean& isCompleted)
   at Microsoft.AspNetCore.Mvc.Internal.ControllerActionInvoker.InvokeInnerFilterAsync()
   at Microsoft.AspNetCore.Mvc.Internal.ResourceInvoker.InvokeNextExceptionFilterAsync()
*——*——*——*——*——*——Begin——*——*——*——*——*——*
记录时间：2018-10-31 15:18:04,164
线程ID：12
日志等级：ERROR
日志类型：DanaZhangCms.Core.Filters.GlobalExceptionFilter
Error
*——*——*——*——*——*——End——*——*——*——*——*——*
System.InvalidOperationException: There is an error in XML document (2, 2). ---> System.InvalidOperationException: <Site xmlns=''> was not expected.
   at Microsoft.Xml.Serialization.GeneratedAssembly.XmlSerializationReaderSiteXml.Read3_SiteXml()
   --- End of inner exception stack trace ---
   at System.Xml.Serialization.XmlSerializer.Deserialize(XmlReader xmlReader, String encodingStyle, XmlDeserializationEvents events)
   at System.Xml.Serialization.XmlSerializer.Deserialize(TextReader textReader)
   at DanaZhangCms.Core.Helpers.XmlHelper.XmlDeserialize[T](String s, Encoding encoding) in D:\GitHub\DanaZhangCms\src\DanaZhangCms.Core\Helpers\XmlHelper.cs:line 95
   at DanaZhangCms.Core.Helpers.XmlHelper.XmlDeserializeFromFile[T](String path, Encoding encoding) in D:\GitHub\DanaZhangCms\src\DanaZhangCms.Core\Helpers\XmlHelper.cs:line 115
   at DanaZhangCms.Controllers.SysConfigController.Index() in D:\GitHub\DanaZhangCms\src\DanaZhangCms.Controllers\System\SysConfigController.cs:line 25
   at lambda_method(Closure , Object , Object[] )
   at Microsoft.Extensions.Internal.ObjectMethodExecutor.Execute(Object target, Object[] parameters)
   at Microsoft.AspNetCore.Mvc.Internal.ActionMethodExecutor.SyncActionResultExecutor.Execute(IActionResultTypeMapper mapper, ObjectMethodExecutor executor, Object controller, Object[] arguments)
   at Microsoft.AspNetCore.Mvc.Internal.ControllerActionInvoker.InvokeActionMethodAsync()
   at Microsoft.AspNetCore.Mvc.Internal.ControllerActionInvoker.InvokeNextActionFilterAsync()
   at Microsoft.AspNetCore.Mvc.Internal.ControllerActionInvoker.Rethrow(ActionExecutedContext context)
   at Microsoft.AspNetCore.Mvc.Internal.ControllerActionInvoker.Next(State& next, Scope& scope, Object& state, Boolean& isCompleted)
   at Microsoft.AspNetCore.Mvc.Internal.ControllerActionInvoker.InvokeInnerFilterAsync()
   at Microsoft.AspNetCore.Mvc.Internal.ResourceInvoker.InvokeNextExceptionFilterAsync()
*——*——*——*——*——*——Begin——*——*——*——*——*——*
记录时间：2018-10-31 15:21:27,191
线程ID：6
日志等级：ERROR
日志类型：DanaZhangCms.Core.Filters.GlobalExceptionFilter
Error
*——*——*——*——*——*——End——*——*——*——*——*——*
System.InvalidOperationException: There is an error in XML document (2, 2). ---> System.InvalidOperationException: <Site xmlns=''> was not expected.
   at Microsoft.Xml.Serialization.GeneratedAssembly.XmlSerializationReaderSiteXml.Read3_SiteXml()
   --- End of inner exception stack trace ---
   at System.Xml.Serialization.XmlSerializer.Deserialize(XmlReader xmlReader, String encodingStyle, XmlDeserializationEvents events)
   at System.Xml.Serialization.XmlSerializer.Deserialize(TextReader textReader)
   at DanaZhangCms.Core.Helpers.XmlHelper.XmlDeserialize[T](String s, Encoding encoding) in D:\GitHub\DanaZhangCms\src\DanaZhangCms.Core\Helpers\XmlHelper.cs:line 95
   at DanaZhangCms.Core.Helpers.XmlHelper.XmlDeserializeFromFile[T](String path, Encoding encoding) in D:\GitHub\DanaZhangCms\src\DanaZhangCms.Core\Helpers\XmlHelper.cs:line 115
   at DanaZhangCms.Controllers.SysConfigController.Index() in D:\GitHub\DanaZhangCms\src\DanaZhangCms.Controllers\System\SysConfigController.cs:line 25
   at lambda_method(Closure , Object , Object[] )
   at Microsoft.Extensions.Internal.ObjectMethodExecutor.Execute(Object target, Object[] parameters)
   at Microsoft.AspNetCore.Mvc.Internal.ActionMethodExecutor.SyncActionResultExecutor.Execute(IActionResultTypeMapper mapper, ObjectMethodExecutor executor, Object controller, Object[] arguments)
   at Microsoft.AspNetCore.Mvc.Internal.ControllerActionInvoker.InvokeActionMethodAsync()
   at Microsoft.AspNetCore.Mvc.Internal.ControllerActionInvoker.InvokeNextActionFilterAsync()
   at Microsoft.AspNetCore.Mvc.Internal.ControllerActionInvoker.Rethrow(ActionExecutedContext context)
   at Microsoft.AspNetCore.Mvc.Internal.ControllerActionInvoker.Next(State& next, Scope& scope, Object& state, Boolean& isCompleted)
   at Microsoft.AspNetCore.Mvc.Internal.ControllerActionInvoker.InvokeInnerFilterAsync()
   at Microsoft.AspNetCore.Mvc.Internal.ResourceInvoker.InvokeNextExceptionFilterAsync()
*——*——*——*——*——*——Begin——*——*——*——*——*——*
记录时间：2018-10-31 15:21:48,674
线程ID：11
日志等级：ERROR
日志类型：DanaZhangCms.Core.Filters.GlobalExceptionFilter
Error
*——*——*——*——*——*——End——*——*——*——*——*——*
System.InvalidOperationException: There is an error in XML document (2, 2). ---> System.InvalidOperationException: <Site xmlns=''> was not expected.
   at Microsoft.Xml.Serialization.GeneratedAssembly.XmlSerializationReaderSiteXml.Read3_SiteXml()
   --- End of inner exception stack trace ---
   at System.Xml.Serialization.XmlSerializer.Deserialize(XmlReader xmlReader, String encodingStyle, XmlDeserializationEvents events)
   at System.Xml.Serialization.XmlSerializer.Deserialize(TextReader textReader)
   at DanaZhangCms.Core.Helpers.XmlHelper.XmlDeserialize[T](String s, Encoding encoding) in D:\GitHub\DanaZhangCms\src\DanaZhangCms.Core\Helpers\XmlHelper.cs:line 95
   at DanaZhangCms.Core.Helpers.XmlHelper.XmlDeserializeFromFile[T](String path, Encoding encoding) in D:\GitHub\DanaZhangCms\src\DanaZhangCms.Core\Helpers\XmlHelper.cs:line 115
   at DanaZhangCms.Controllers.SysConfigController.Index() in D:\GitHub\DanaZhangCms\src\DanaZhangCms.Controllers\System\SysConfigController.cs:line 25
   at lambda_method(Closure , Object , Object[] )
   at Microsoft.Extensions.Internal.ObjectMethodExecutor.Execute(Object target, Object[] parameters)
   at Microsoft.AspNetCore.Mvc.Internal.ActionMethodExecutor.SyncActionResultExecutor.Execute(IActionResultTypeMapper mapper, ObjectMethodExecutor executor, Object controller, Object[] arguments)
   at Microsoft.AspNetCore.Mvc.Internal.ControllerActionInvoker.InvokeActionMethodAsync()
   at Microsoft.AspNetCore.Mvc.Internal.ControllerActionInvoker.InvokeNextActionFilterAsync()
   at Microsoft.AspNetCore.Mvc.Internal.ControllerActionInvoker.Rethrow(ActionExecutedContext context)
   at Microsoft.AspNetCore.Mvc.Internal.ControllerActionInvoker.Next(State& next, Scope& scope, Object& state, Boolean& isCompleted)
   at Microsoft.AspNetCore.Mvc.Internal.ControllerActionInvoker.InvokeInnerFilterAsync()
   at Microsoft.AspNetCore.Mvc.Internal.ResourceInvoker.InvokeNextExceptionFilterAsync()
*——*——*——*——*——*——Begin——*——*——*——*——*——*
记录时间：2018-10-31 15:24:02,915
线程ID：13
日志等级：ERROR
日志类型：DanaZhangCms.Core.Filters.GlobalExceptionFilter
Error
*——*——*——*——*——*——End——*——*——*——*——*——*
System.InvalidOperationException: There is an error in XML document (2, 2). ---> System.InvalidOperationException: <Site xmlns=''> was not expected.
   at Microsoft.Xml.Serialization.GeneratedAssembly.XmlSerializationReaderSiteXml.Read3_SiteXml()
   --- End of inner exception stack trace ---
   at System.Xml.Serialization.XmlSerializer.Deserialize(XmlReader xmlReader, String encodingStyle, XmlDeserializationEvents events)
   at System.Xml.Serialization.XmlSerializer.Deserialize(TextReader textReader)
   at DanaZhangCms.Core.Helpers.XmlHelper.XmlDeserialize[T](String s, Encoding encoding) in D:\GitHub\DanaZhangCms\src\DanaZhangCms.Core\Helpers\XmlHelper.cs:line 95
   at DanaZhangCms.Core.Helpers.XmlHelper.XmlDeserializeFromFile[T](String path, Encoding encoding) in D:\GitHub\DanaZhangCms\src\DanaZhangCms.Core\Helpers\XmlHelper.cs:line 115
   at DanaZhangCms.Controllers.SysConfigController.Index() in D:\GitHub\DanaZhangCms\src\DanaZhangCms.Controllers\System\SysConfigController.cs:line 25
   at lambda_method(Closure , Object , Object[] )
   at Microsoft.Extensions.Internal.ObjectMethodExecutor.Execute(Object target, Object[] parameters)
   at Microsoft.AspNetCore.Mvc.Internal.ActionMethodExecutor.SyncActionResultExecutor.Execute(IActionResultTypeMapper mapper, ObjectMethodExecutor executor, Object controller, Object[] arguments)
   at Microsoft.AspNetCore.Mvc.Internal.ControllerActionInvoker.InvokeActionMethodAsync()
   at Microsoft.AspNetCore.Mvc.Internal.ControllerActionInvoker.InvokeNextActionFilterAsync()
   at Microsoft.AspNetCore.Mvc.Internal.ControllerActionInvoker.Rethrow(ActionExecutedContext context)
   at Microsoft.AspNetCore.Mvc.Internal.ControllerActionInvoker.Next(State& next, Scope& scope, Object& state, Boolean& isCompleted)
   at Microsoft.AspNetCore.Mvc.Internal.ControllerActionInvoker.InvokeInnerFilterAsync()
   at Microsoft.AspNetCore.Mvc.Internal.ResourceInvoker.InvokeNextExceptionFilterAsync()
